<?xml version="1.0" encoding="utf-8"?><testsuites name="pytest tests"><testsuite name="pytest" errors="0" failures="0" skipped="0" tests="4" time="1.121" timestamp="2026-08-22T13:40:21.340287+02:00" hostname="AHAMMOUDA-DESK"><testcase classname="research_v2.tests.test_audit_scripts" name="test_largest_gap_counts_missing_slots" time="0.002" /><testcase classname="research_v2.tests.test_audit_scripts" name="test_raw_prefix_requires_exactly_contiguous_4h_rows" time="0.001" /><testcase classname="research_v2.tests.test_audit_scripts" name="test_daily_audit_records_raw_gap_and_consumed_status" time="0.030" /><testcase classname="research_v2.tests.test_audit_scripts" name="test_hash_manifest_excludes_itself_and_verifies" time="0.010" /></testsuite></testsuites>